  CMyString.cpp
D:\Visual Studio 2022\InterviewCoding\AssignOperation\CMyString.h(5,16): error C4430: missing type specifier - int assumed. Note: C++ does not support default-int
D:\Visual Studio 2022\InterviewCoding\AssignOperation\CMyString.h(5,11): error C2146: syntax error: missing ';' before identifier 'str2'
D:\Visual Studio 2022\InterviewCoding\AssignOperation\CMyString.cpp(10,29): warning C4267: 'initializing': conversion from 'size_t' to 'int', possible loss of data
D:\Visual Studio 2022\InterviewCoding\AssignOperation\CMyString.cpp(20,34): warning C4267: 'initializing': conversion from 'size_t' to 'int', possible loss of data
D:\Visual Studio 2022\InterviewCoding\AssignOperation\CMyString.cpp(31,10): error C2143: syntax error: missing ';' before '&'
D:\Visual Studio 2022\InterviewCoding\AssignOperation\CMyString.cpp(31,10): error C4430: missing type specifier - int assumed. Note: C++ does not support default-int
D:\Visual Studio 2022\InterviewCoding\AssignOperation\CMyString.cpp(31,1): error C2086: 'int CMyString': redefinition
D:\Visual Studio 2022\InterviewCoding\AssignOperation\CMyString.h(5): message : see declaration of 'CMyString'
D:\Visual Studio 2022\InterviewCoding\AssignOperation\CMyString.cpp(32,1): error C2761: 'CMyString &CMyString::operator =(const CMyString &)': redeclaration of member is not allowed
D:\Visual Studio 2022\InterviewCoding\AssignOperation\CMyString.cpp(32,1): error C2059: syntax error: '{'
D:\Visual Studio 2022\InterviewCoding\AssignOperation\CMyString.cpp(32,1): error C2143: syntax error: missing ';' before '{'
D:\Visual Studio 2022\InterviewCoding\AssignOperation\CMyString.cpp(32,1): error C2447: '{': missing function header (old-style formal list?)
  Test.cpp
D:\Visual Studio 2022\InterviewCoding\AssignOperation\CMyString.h(5,16): error C4430: missing type specifier - int assumed. Note: C++ does not support default-int
D:\Visual Studio 2022\InterviewCoding\AssignOperation\CMyString.h(5,11): error C2146: syntax error: missing ';' before identifier 'str2'
D:\Visual Studio 2022\InterviewCoding\AssignOperation\Test.cpp(13,12): error C2146: syntax error: missing ';' before identifier 'str1'
D:\Visual Studio 2022\InterviewCoding\AssignOperation\Test.cpp(13,12): error C2065: 'str1': undeclared identifier
D:\Visual Studio 2022\InterviewCoding\AssignOperation\Test.cpp(13,19): error C2064: term does not evaluate to a function taking 1 arguments
D:\Visual Studio 2022\InterviewCoding\AssignOperation\Test.cpp(15,12): error C2146: syntax error: missing ';' before identifier 'str2'
D:\Visual Studio 2022\InterviewCoding\AssignOperation\Test.cpp(15,12): error C2065: 'str2': undeclared identifier
D:\Visual Studio 2022\InterviewCoding\AssignOperation\Test.cpp(15,19): error C2064: term does not evaluate to a function taking 1 arguments
D:\Visual Studio 2022\InterviewCoding\AssignOperation\Test.cpp(16,12): error C2146: syntax error: missing ';' before identifier 'str3'
D:\Visual Studio 2022\InterviewCoding\AssignOperation\Test.cpp(16,12): error C2065: 'str3': undeclared identifier
D:\Visual Studio 2022\InterviewCoding\AssignOperation\Test.cpp(16,19): error C2064: term does not evaluate to a function taking 1 arguments
D:\Visual Studio 2022\InterviewCoding\AssignOperation\Test.cpp(18,2): error C2065: 'str2': undeclared identifier
D:\Visual Studio 2022\InterviewCoding\AssignOperation\Test.cpp(18,9): error C2065: 'str3': undeclared identifier
D:\Visual Studio 2022\InterviewCoding\AssignOperation\Test.cpp(18,16): error C2065: 'str1': undeclared identifier
D:\Visual Studio 2022\InterviewCoding\AssignOperation\Test.cpp(24,12): error C2146: syntax error: missing ';' before identifier 'str1'
D:\Visual Studio 2022\InterviewCoding\AssignOperation\Test.cpp(24,12): error C2065: 'str1': undeclared identifier
D:\Visual Studio 2022\InterviewCoding\AssignOperation\Test.cpp(24,19): error C2064: term does not evaluate to a function taking 1 arguments
D:\Visual Studio 2022\InterviewCoding\AssignOperation\Test.cpp(26,12): error C2146: syntax error: missing ';' before identifier 'str2'
D:\Visual Studio 2022\InterviewCoding\AssignOperation\Test.cpp(26,12): error C2065: 'str2': undeclared identifier
D:\Visual Studio 2022\InterviewCoding\AssignOperation\Test.cpp(26,29): error C2065: 'str1': undeclared identifier
D:\Visual Studio 2022\InterviewCoding\AssignOperation\Test.cpp(28,2): error C2065: 'str2': undeclared identifier
D:\Visual Studio 2022\InterviewCoding\AssignOperation\Test.cpp(28,9): error C2065: 'str1': undeclared identifier
D:\Visual Studio 2022\InterviewCoding\AssignOperation\Test.cpp(34,1): warning C4326: return type of 'main' should be 'int' instead of 'void'
  Generating Code...
